<?xml version="1.0" encoding="UTF-8"?>
<!--
============LICENSE_START===================================================
Copyright (c) 2018 Amdocs
============================================================================
Licensed under the Apache License, Version 2.0 (the "License");
you may not use this file except in compliance with the License.
You may obtain a copy of the License at

       http://www.apache.org/licenses/LICENSE-2.0

Unless required by applicable law or agreed to in writing, software
distributed under the License is distributed on an "AS IS" BASIS,
WITHOUT WARRANTIES OR CONDITIONS OF ANY KIND, either express or implied.
See the License for the specific language governing permissions and
limitations under the License.
============LICENSE_END=====================================================
-->

<beans xmlns="http://www.springframework.org/schema/beans" xmlns:xsi="http://www.w3.org/2001/XMLSchema-instance"
	xsi:schemaLocation="http://www.springframework.org/schema/beans http://www.springframework.org/schema/beans/spring-beans.xsd">


	<!-- TOPIC NAMES -->
	<bean id="topicConfig" class="org.onap.aai.validation.config.TopicConfig">
		<property name="consumerTopicNames">
			<list>
				<value>aai-event</value>
				<value>aai-data-export</value>
			</list>
		</property>
		<property name="publisherTopicNames">
			<list>
				<value>aai-data-integrity</value>
			</list>
		</property>
	</bean>

	<!-- DEFINE THE TOPIC PROPERTY FILES. Naming convention: topic-[topic name].properties. Each property must be pre-fixed with [topic name] -->
	<bean id="topicProperties" class="org.springframework.beans.factory.config.PropertiesFactoryBean">
		<property name="locations">
			<list>
				<value>classpath:topic-config/topic-aai-event.properties</value>
				<value>classpath:topic-config/topic-aai-data-export.properties</value>
				<value>classpath:topic-config/topic-aai-data-integrity.properties</value>
			</list>
		</property>
	</bean>
</beans>