<?xml version="1.0" encoding="UTF-8"?>
<!--
============LICENSE_START===================================================
Copyright (c) 2018 Amdocs
============================================================================
Licensed under the Apache License, Version 2.0 (the "License");
you may not use this file except in compliance with the License.
You may obtain a copy of the License at

       http://www.apache.org/licenses/LICENSE-2.0

Unless required by applicable law or agreed to in writing, software
distributed under the License is distributed on an "AS IS" BASIS,
WITHOUT WARRANTIES OR CONDITIONS OF ANY KIND, either express or implied.
See the License for the specific language governing permissions and
limitations under the License.
============LICENSE_END=====================================================
-->
<beans xmlns="http://www.springframework.org/schema/beans" xmlns:context="http://www.springframework.org/schema/context" xmlns:xsi="http://www.w3.org/2001/XMLSchema-instance"
	xsi:schemaLocation="
		http://www.springframework.org/schema/beans http://www.springframework.org/schema/beans/spring-beans.xsd
		http://www.springframework.org/schema/context http://www.springframework.org/schema/context/spring-context.xsd">

    <import resource="../oxm-reader/oxm-reader-beans.xml" />

	<!-- PROPERTY FILES -->
	<context:property-placeholder location="classpath:event-reader.properties" ignore-unresolvable="true" />

	<!-- CONFIG BEANS -->
	<bean id="eventReaderConfig" class="org.onap.aai.validation.config.EventReaderConfig" />

	<!-- READER BEANS -->
    <bean id="jsonReader" class="org.onap.aai.validation.reader.JsonReader" />
	
	<bean id="eventReader" class="org.onap.aai.validation.reader.EventReader">
		<constructor-arg ref="eventReaderConfig" />
		<constructor-arg ref="jsonReader" />
		<constructor-arg ref="oxmReader" />
	</bean>

	<bean id="rulesConfigurationPath" class="java.nio.file.Paths" factory-method="get">
	    <constructor-arg value="src/test/resources/rule-driven-validator/rules/" />
	    <constructor-arg><array /></constructor-arg>
	</bean>

	<bean id="ruleDrivenValidator" class="org.onap.aai.validation.ruledriven.RuleDrivenValidator">
		<constructor-arg ref="rulesConfigurationPath" />
		<constructor-arg ref="oxmReader" />
		<constructor-arg ref="eventReader" />
		<constructor-arg name="ruleIndexingConfig">
			<null />
		</constructor-arg>
	</bean>

</beans>
